mobilesdk/build/intermediates/manifest_merge_blame_file/debug/manifest-merger-blame-debug-report.txt
1<?xml version="1.0" encoding="utf-8"?>
2<manifest xmlns:android="http://schemas.android.com/apk/res/android"
3    package="uz.click.mobilesdk"
4    android:versionCode="1"
5    android:versionName="1.0" >
6
7    <uses-sdk
8        android:minSdkVersion="16"
8-->src/main/AndroidManifest.xml
9        android:targetSdkVersion="30" />
9-->src/main/AndroidManifest.xml
10
11    <uses-permission android:name="android.permission.INTERNET" />
11-->src/main/AndroidManifest.xml:4:5-67
11-->src/main/AndroidManifest.xml:4:22-64
12    <uses-permission android:name="android.permission.CAMERA" />
12-->src/main/AndroidManifest.xml:5:5-65
12-->src/main/AndroidManifest.xml:5:22-62
13
14    <application android:usesCleartextTraffic="true" >
14-->src/main/AndroidManifest.xml:7:5-12:19
14-->src/main/AndroidManifest.xml:8:9-44
15        <meta-data
15-->src/main/AndroidManifest.xml:9:9-11:35
16            android:name="com.google.android.gms.vision.DEPENDENCIES"
16-->src/main/AndroidManifest.xml:10:13-70
17            android:value="ocr" />
17-->src/main/AndroidManifest.xml:11:13-32
18    </application>
19
20</manifest>